<?xml version="1.0" encoding="UTF-8"?>
<!-- Generated by org.testng.reporters.JUnitReportReporter -->
<testsuite hostname="senthilvenu" name="Resoruces.AppiumLocators" tests="1" failures="0" timestamp="17 Oct 2018 01:55:29 GMT" time="19.254" errors="0">
  <testcase name="appiumLocat" time="19.254" classname="Resoruces.AppiumLocators"/>
</testsuite> <!-- Resoruces.AppiumLocators -->
