<?xml version="1.0" encoding="UTF-8"?>
<!-- Generated by org.testng.reporters.JUnitReportReporter -->
<testsuite hostname="senthilvenu" name="Testcase.Testcase_01_AppiumLocator" tests="1" failures="0" timestamp="17 Oct 2018 03:31:00 GMT" time="38.968" errors="0">
  <testcase name="appiumLocator" time="38.968" classname="Testcase.Testcase_01_AppiumLocator"/>
</testsuite> <!-- Testcase.Testcase_01_AppiumLocator -->
