<?xml version="1.0" encoding="UTF-8"?>
<!-- Generated by org.testng.reporters.JUnitReportReporter -->
<testsuite hostname="senthilvenu" name="Testcase.Testcase_01_AppiumLocator" tests="1" failures="0" timestamp="17 Oct 2018 05:27:59 GMT" time="50.956" errors="0">
  <testcase name="appiumLocator" time="50.956" classname="Testcase.Testcase_01_AppiumLocator"/>
</testsuite> <!-- Testcase.Testcase_01_AppiumLocator -->
